<?xml version="1.0" encoding="UTF-8"?>
<!-- Generated by org.testng.reporters.JUnitXMLReporter -->
<testsuite hostname="SRADDANK-WS01" name="SearchProduct" tests="1" failures="1" timestamp="31 Aug 2015 07:03:40 GMT" time="17.567" errors="0">
  <testcase name="searchandorder" time="10.059" classname="com.testscripts.searchAndOrder">
    <failure type="java.lang.AssertionError">
      <![CDATA[java.lang.AssertionError
	at org.junit.Assert.fail(Assert.java:92)
	at org.junit.Assert.assertTrue(Assert.java:43)
	at org.junit.Assert.assertTrue(Assert.java:54)
	at com.utility.WrapperActionTest.enterText(WrapperActionTest.java:85)
	at com.utility.AppUtility.searchItem(AppUtility.java:20)
	at com.testscripts.searchAndOrder.searchandorder(searchAndOrder.java:70)
... Removed 24 stack frames]]>
    </failure>
  </testcase> <!-- searchandorder -->
</testsuite> <!-- SearchProduct -->
